FILE_TYPE=LIBRARY_PARTS;
PRIMITIVE 'ULT2H4R7MNL1GS','ULT2H4R7MNL1GS_Capacitor Al Electrolytic';
  PIN
    '+':
      PIN_NUMBER='(1)';
      NO_LOAD_CHECK=BOTH;
      NO_IO_CHECK=BOTH;
      ALLOW_CONNECT=TRUE;
      PINUSE='UNSPEC';
    '-':
      PIN_NUMBER='(2)';
      NO_LOAD_CHECK=BOTH;
      NO_IO_CHECK=BOTH;
      ALLOW_CONNECT=TRUE;
      PINUSE='UNSPEC';
  END_PIN;
  BODY
    PART_NAME='ULT2H4R7MNL1GS';
    PHYS_DES_PREFIX='C';
    NO_LOAD_CHECK='TRUE';
    PIN_COUNT='2';
    BODY_NAME='ULT2H4R7MNL1GS';
    JEDEC_TYPE='CAPAE1030X1450N';
  END_BODY;
END_PRIMITIVE;
END.
