FILE_TYPE=LIBRARY_PARTS;
PRIMITIVE 'RCC1206470RFKEA','RCC1206470RFKEA_Other';
  PIN
    '1':
      PIN_NUMBER='(1)';
      NO_LOAD_CHECK=BOTH;
      NO_IO_CHECK=BOTH;
      ALLOW_CONNECT=TRUE;
      PINUSE='UNSPEC';
    '2':
      PIN_NUMBER='(2)';
      NO_LOAD_CHECK=BOTH;
      NO_IO_CHECK=BOTH;
      ALLOW_CONNECT=TRUE;
      PINUSE='UNSPEC';
  END_PIN;
  BODY
    PART_NAME='RCC1206470RFKEA';
    PHYS_DES_PREFIX='R';
    NO_LOAD_CHECK='TRUE';
    PIN_COUNT='2';
    BODY_NAME='RCC1206470RFKEA';
    JEDEC_TYPE='RCC1206_e3';
  END_BODY;
END_PRIMITIVE;
END.
